Temp/gradleOut/unityLibrary/build/outputs/logs/manifest-merger-release-report.txt
-- Merging decision tree log ---
manifest
ADDED from src/main/AndroidManifest.xml:2:1-26:12
INJECTED from src/main/AndroidManifest.xml:2:1-26:12
INJECTED from src/main/AndroidManifest.xml:2:1-26:12
INJECTED from src/main/AndroidManifest.xml:2:1-26:12
INJECTED from src/main/AndroidManifest.xml:2:1-26:12
INJECTED from src/main/AndroidManifest.xml:2:1-26:12
INJECTED from src/main/AndroidManifest.xml:2:1-26:12
	package
		ADDED from src/main/AndroidManifest.xml:2:70-98
		INJECTED from src/main/AndroidManifest.xml
		INJECTED from src/main/AndroidManifest.xml
	android:versionName
		ADDED from src/main/AndroidManifest.xml:2:123-148
		INJECTED from src/main/AndroidManifest.xml
		INJECTED from src/main/AndroidManifest.xml
	xmlns:android
		ADDED from src/main/AndroidManifest.xml:2:11-69
	android:versionCode
		ADDED from src/main/AndroidManifest.xml:2:99-122
		INJECTED from src/main/AndroidManifest.xml
		INJECTED from src/main/AndroidManifest.xml
uses-sdk
ADDED from src/main/AndroidManifest.xml:3:3-41
INJECTED from src/main/AndroidManifest.xml:3:3-41
INJECTED from src/main/AndroidManifest.xml:3:3-41
INJECTED from src/main/AndroidManifest.xml:3:3-41
INJECTED from src/main/AndroidManifest.xml:3:3-41
	android:targetSdkVersion
		INJECTED from src/main/AndroidManifest.xml
		ADDED from src/main/AndroidManifest.xml:3:3-41
		INJECTED from src/main/AndroidManifest.xml
	android:minSdkVersion
		ADDED from src/main/AndroidManifest.xml:3:13-38
		INJECTED from src/main/AndroidManifest.xml
		INJECTED from src/main/AndroidManifest.xml
application
ADDED from src/main/AndroidManifest.xml:4:3-17:17
	android:label
		ADDED from src/main/AndroidManifest.xml:4:16-48
	android:icon
		ADDED from src/main/AndroidManifest.xml:4:71-102
	android:isGame
		ADDED from src/main/AndroidManifest.xml:4:49-70
activity#com.izaron.androideffects.vibration.MyMainActivity
ADDED from src/main/AndroidManifest.xml:5:5-12:16
	android:label
		ADDED from src/main/AndroidManifest.xml:5:132-164
	android:configChanges
		ADDED from src/main/AndroidManifest.xml:5:81-131
	android:name
		ADDED from src/main/AndroidManifest.xml:5:15-80
intent-filter#action:name:android.intent.action.MAIN+category:name:android.intent.category.LAUNCHER+category:name:android.intent.category.LEANBACK_LAUNCHER
ADDED from src/main/AndroidManifest.xml:6:7-10:23
action#android.intent.action.MAIN
ADDED from src/main/AndroidManifest.xml:7:9-61
	android:name
		ADDED from src/main/AndroidManifest.xml:7:17-58
category#android.intent.category.LAUNCHER
ADDED from src/main/AndroidManifest.xml:8:9-69
	android:name
		ADDED from src/main/AndroidManifest.xml:8:19-66
category#android.intent.category.LEANBACK_LAUNCHER
ADDED from src/main/AndroidManifest.xml:9:9-78
	android:name
		ADDED from src/main/AndroidManifest.xml:9:19-75
meta-data#android.notch_support
ADDED from src/main/AndroidManifest.xml:11:7-78
	android:value
		ADDED from src/main/AndroidManifest.xml:11:55-75
	android:name
		ADDED from src/main/AndroidManifest.xml:11:18-54
meta-data#unity.splash-mode
ADDED from src/main/AndroidManifest.xml:13:5-69
	android:value
		ADDED from src/main/AndroidManifest.xml:13:49-66
	android:name
		ADDED from src/main/AndroidManifest.xml:13:16-48
meta-data#unity.splash-enable
ADDED from src/main/AndroidManifest.xml:14:5-74
	android:value
		ADDED from src/main/AndroidManifest.xml:14:51-71
	android:name
		ADDED from src/main/AndroidManifest.xml:14:16-50
meta-data#notch.config
ADDED from src/main/AndroidManifest.xml:15:5-81
	android:value
		ADDED from src/main/AndroidManifest.xml:15:44-78
	android:name
		ADDED from src/main/AndroidManifest.xml:15:16-43
meta-data#unity.build-id
ADDED from src/main/AndroidManifest.xml:16:5-101
	android:value
		ADDED from src/main/AndroidManifest.xml:16:46-98
	android:name
		ADDED from src/main/AndroidManifest.xml:16:16-45
uses-permission#android.permission.VIBRATE
ADDED from src/main/AndroidManifest.xml:18:3-64
	android:name
		ADDED from src/main/AndroidManifest.xml:18:20-61
uses-feature#0x00020000
ADDED from src/main/AndroidManifest.xml:19:3-52
	android:glEsVersion
		ADDED from src/main/AndroidManifest.xml:19:17-49
uses-permission#android.permission.INTERNET
ADDED from src/main/AndroidManifest.xml:20:3-65
	android:name
		ADDED from src/main/AndroidManifest.xml:20:20-62
uses-permission#android.permission.CHANGE_WIFI_MULTICAST_STATE
ADDED from src/main/AndroidManifest.xml:21:3-84
	android:name
		ADDED from src/main/AndroidManifest.xml:21:20-81
uses-feature#android.hardware.sensor.accelerometer
ADDED from src/main/AndroidManifest.xml:22:3-97
	android:required
		ADDED from src/main/AndroidManifest.xml:22:70-94
	android:name
		ADDED from src/main/AndroidManifest.xml:22:17-69
uses-feature#android.hardware.touchscreen
ADDED from src/main/AndroidManifest.xml:23:3-88
	android:required
		ADDED from src/main/AndroidManifest.xml:23:61-85
	android:name
		ADDED from src/main/AndroidManifest.xml:23:17-60
uses-feature#android.hardware.touchscreen.multitouch
ADDED from src/main/AndroidManifest.xml:24:3-99
	android:required
		ADDED from src/main/AndroidManifest.xml:24:72-96
	android:name
		ADDED from src/main/AndroidManifest.xml:24:17-71
uses-feature#android.hardware.touchscreen.multitouch.distinct
ADDED from src/main/AndroidManifest.xml:25:3-108
	android:required
		ADDED from src/main/AndroidManifest.xml:25:81-105
	android:name
		ADDED from src/main/AndroidManifest.xml:25:17-80